2015-04-17 00:07:48 5808 [Note] Plugin 'FEDERATED' is disabled.
2015-04-17 00:07:48 5808 [Note] InnoDB: The InnoDB memory heap is disabled
2015-04-17 00:07:48 5808 [Note] InnoDB: Mutexes and rw_locks use Windows interlocked functions
2015-04-17 00:07:48 5808 [Note] InnoDB: Compressed tables use zlib 1.2.3
2015-04-17 00:07:48 5808 [Note] InnoDB: Not using CPU crc32 instructions
2015-04-17 00:07:48 5808 [Note] InnoDB: Initializing buffer pool, size = 128.0M
2015-04-17 00:07:48 5808 [Note] InnoDB: Completed initialization of buffer pool
2015-04-17 00:07:48 5808 [Note] InnoDB: Highest supported file format is Barracuda.
2015-04-17 00:07:48 5808 [Note] InnoDB: 128 rollback segment(s) are active.
2015-04-17 00:07:48 5808 [Note] InnoDB: Waiting for purge to start
2015-04-17 00:07:48 5808 [Note] InnoDB: 5.6.12 started; log sequence number 1625977
2015-04-17 00:07:48 5808 [Warning] No existing UUID has been found, so we assume that this is the first time that this server has been started. Generating a new UUID: b0e326ba-e4bf-11e4-9bd3-00ff60a8a108.
2015-04-17 00:07:48 5808 [Note] Server hostname (bind-address): '*'; port: 3306
2015-04-17 00:07:48 5808 [Note] IPv6 is available.
2015-04-17 00:07:48 5808 [Note]   - '::' resolves to '::';
2015-04-17 00:07:48 5808 [Note] Server socket created on IP: '::'.
2015-04-17 00:07:48 5808 [Note] Event Scheduler: Loaded 0 events
2015-04-17 00:07:48 5808 [Note] wampmysqld: ready for connections.
Version: '5.6.12-log'  socket: ''  port: 3306  MySQL Community Server (GPL)
2015-04-17 00:08:28 5808 [Note] wampmysqld: Normal shutdown

2015-04-17 00:08:28 5808 [Note] Giving 0 client threads a chance to die gracefully
2015-04-17 00:08:28 5808 [Note] Event Scheduler: Purging the queue. 0 events
2015-04-17 00:08:28 5808 [Note] Shutting down slave threads
2015-04-17 00:08:28 5808 [Note] Forcefully disconnecting 0 remaining clients
2015-04-17 00:08:28 5808 [Note] Binlog end
2015-04-17 00:08:28 5808 [Note] Shutting down plugin 'partition'
2015-04-17 00:08:28 5808 [Note] Shutting down plugin 'PERFORMANCE_SCHEMA'
2015-04-17 00:08:28 5808 [Note] Shutting down plugin 'INNODB_SYS_DATAFILES'
2015-04-17 00:08:28 5808 [Note] Shutting down plugin 'INNODB_SYS_TABLESPACES'
2015-04-17 00:08:28 5808 [Note] Shutting down plugin 'INNODB_SYS_FOREIGN_COLS'
2015-04-17 00:08:28 5808 [Note] Shutting down plugin 'INNODB_SYS_FOREIGN'
2015-04-17 00:08:28 5808 [Note] Shutting down plugin 'INNODB_SYS_FIELDS'
2015-04-17 00:08:28 5808 [Note] Shutting down plugin 'INNODB_SYS_COLUMNS'
2015-04-17 00:08:28 5808 [Note] Shutting down plugin 'INNODB_SYS_INDEXES'
2015-04-17 00:08:28 5808 [Note] Shutting down plugin 'INNODB_SYS_TABLESTATS'
2015-04-17 00:08:28 5808 [Note] Shutting down plugin 'INNODB_SYS_TABLES'
2015-04-17 00:08:28 5808 [Note] Shutting down plugin 'INNODB_FT_INDEX_TABLE'
2015-04-17 00:08:28 5808 [Note] Shutting down plugin 'INNODB_FT_INDEX_CACHE'
2015-04-17 00:08:28 5808 [Note] Shutting down plugin 'INNODB_FT_CONFIG'
2015-04-17 00:08:28 5808 [Note] Shutting down plugin 'INNODB_FT_BEING_DELETED'
2015-04-17 00:08:28 5808 [Note] Shutting down plugin 'INNODB_FT_DELETED'
2015-04-17 00:08:28 5808 [Note] Shutting down plugin 'INNODB_FT_DEFAULT_STOPWORD'
2015-04-17 00:08:28 5808 [Note] Shutting down plugin 'INNODB_METRICS'
2015-04-17 00:08:28 5808 [Note] Shutting down plugin 'INNODB_BUFFER_POOL_STATS'
2015-04-17 00:08:28 5808 [Note] Shutting down plugin 'INNODB_BUFFER_PAGE_LRU'
2015-04-17 00:08:28 5808 [Note] Shutting down plugin 'INNODB_BUFFER_PAGE'
2015-04-17 00:08:28 5808 [Note] Shutting down plugin 'INNODB_CMP_PER_INDEX_RESET'
2015-04-17 00:08:28 5808 [Note] Shutting down plugin 'INNODB_CMP_PER_INDEX'
2015-04-17 00:08:28 5808 [Note] Shutting down plugin 'INNODB_CMPMEM_RESET'
2015-04-17 00:08:28 5808 [Note] Shutting down plugin 'INNODB_CMPMEM'
2015-04-17 00:08:28 5808 [Note] Shutting down plugin 'INNODB_CMP_RESET'
2015-04-17 00:08:28 5808 [Note] Shutting down plugin 'INNODB_CMP'
2015-04-17 00:08:28 5808 [Note] Shutting down plugin 'INNODB_LOCK_WAITS'
2015-04-17 00:08:28 5808 [Note] Shutting down plugin 'INNODB_LOCKS'
2015-04-17 00:08:28 5808 [Note] Shutting down plugin 'INNODB_TRX'
2015-04-17 00:08:28 5808 [Note] Shutting down plugin 'InnoDB'
2015-04-17 00:08:28 5808 [Note] InnoDB: FTS optimize thread exiting.
2015-04-17 00:08:28 5808 [Note] InnoDB: Starting shutdown...
2015-04-17 00:08:29 5808 [Note] InnoDB: Shutdown completed; log sequence number 1625987
2015-04-17 00:08:29 5808 [Note] Shutting down plugin 'BLACKHOLE'
2015-04-17 00:08:29 5808 [Note] Shutting down plugin 'ARCHIVE'
2015-04-17 00:08:29 5808 [Note] Shutting down plugin 'MRG_MYISAM'
2015-04-17 00:08:29 5808 [Note] Shutting down plugin 'MyISAM'
2015-04-17 00:08:29 5808 [Note] Shutting down plugin 'MEMORY'
2015-04-17 00:08:29 5808 [Note] Shutting down plugin 'CSV'
2015-04-17 00:08:29 5808 [Note] Shutting down plugin 'sha256_password'
2015-04-17 00:08:29 5808 [Note] Shutting down plugin 'mysql_old_password'
2015-04-17 00:08:29 5808 [Note] Shutting down plugin 'mysql_native_password'
2015-04-17 00:08:29 5808 [Note] Shutting down plugin 'binlog'
2015-04-17 00:08:29 5808 [Note] wampmysqld: Shutdown complete

2015-04-17 00:08:30 1492 [Note] Plugin 'FEDERATED' is disabled.
2015-04-17 00:08:30 1492 [Note] InnoDB: The InnoDB memory heap is disabled
2015-04-17 00:08:30 1492 [Note] InnoDB: Mutexes and rw_locks use Windows interlocked functions
2015-04-17 00:08:30 1492 [Note] InnoDB: Compressed tables use zlib 1.2.3
2015-04-17 00:08:30 1492 [Note] InnoDB: Not using CPU crc32 instructions
2015-04-17 00:08:30 1492 [Note] InnoDB: Initializing buffer pool, size = 128.0M
2015-04-17 00:08:30 1492 [Note] InnoDB: Completed initialization of buffer pool
2015-04-17 00:08:30 1492 [Note] InnoDB: Highest supported file format is Barracuda.
2015-04-17 00:08:30 1492 [Note] InnoDB: 128 rollback segment(s) are active.
2015-04-17 00:08:30 1492 [Note] InnoDB: Waiting for purge to start
2015-04-17 00:08:31 1492 [Note] InnoDB: 5.6.12 started; log sequence number 1625987
2015-04-17 00:08:31 1492 [Note] Server hostname (bind-address): '*'; port: 3306
2015-04-17 00:08:31 1492 [Note] IPv6 is available.
2015-04-17 00:08:31 1492 [Note]   - '::' resolves to '::';
2015-04-17 00:08:31 1492 [Note] Server socket created on IP: '::'.
2015-04-17 00:08:31 1492 [Note] Event Scheduler: Loaded 0 events
2015-04-17 00:08:31 1492 [Note] wampmysqld: ready for connections.
Version: '5.6.12-log'  socket: ''  port: 3306  MySQL Community Server (GPL)
2015-04-17 00:10:52 1492 [Note] wampmysqld: Normal shutdown

2015-04-17 00:10:52 1492 [Note] Giving 0 client threads a chance to die gracefully
2015-04-17 00:10:52 1492 [Note] Event Scheduler: Purging the queue. 0 events
2015-04-17 00:10:52 1492 [Note] Shutting down slave threads
2015-04-17 00:10:52 1492 [Note] Forcefully disconnecting 0 remaining clients
2015-04-17 00:10:52 1492 [Note] Binlog end
2015-04-17 00:10:52 1492 [Note] Shutting down plugin 'partition'
2015-04-17 00:10:52 1492 [Note] Shutting down plugin 'PERFORMANCE_SCHEMA'
2015-04-17 00:10:52 1492 [Note] Shutting down plugin 'INNODB_SYS_DATAFILES'
2015-04-17 00:10:52 1492 [Note] Shutting down plugin 'INNODB_SYS_TABLESPACES'
2015-04-17 00:10:52 1492 [Note] Shutting down plugin 'INNODB_SYS_FOREIGN_COLS'
2015-04-17 00:10:52 1492 [Note] Shutting down plugin 'INNODB_SYS_FOREIGN'
2015-04-17 00:10:52 1492 [Note] Shutting down plugin 'INNODB_SYS_FIELDS'
2015-04-17 00:10:52 1492 [Note] Shutting down plugin 'INNODB_SYS_COLUMNS'
2015-04-17 00:10:52 1492 [Note] Shutting down plugin 'INNODB_SYS_INDEXES'
2015-04-17 00:10:52 1492 [Note] Shutting down plugin 'INNODB_SYS_TABLESTATS'
2015-04-17 00:10:52 1492 [Note] Shutting down plugin 'INNODB_SYS_TABLES'
2015-04-17 00:10:52 1492 [Note] Shutting down plugin 'INNODB_FT_INDEX_TABLE'
2015-04-17 00:10:52 1492 [Note] Shutting down plugin 'INNODB_FT_INDEX_CACHE'
2015-04-17 00:10:52 1492 [Note] Shutting down plugin 'INNODB_FT_CONFIG'
2015-04-17 00:10:52 1492 [Note] Shutting down plugin 'INNODB_FT_BEING_DELETED'
2015-04-17 00:10:52 1492 [Note] Shutting down plugin 'INNODB_FT_DELETED'
2015-04-17 00:10:52 1492 [Note] Shutting down plugin 'INNODB_FT_DEFAULT_STOPWORD'
2015-04-17 00:10:52 1492 [Note] Shutting down plugin 'INNODB_METRICS'
2015-04-17 00:10:52 1492 [Note] Shutting down plugin 'INNODB_BUFFER_POOL_STATS'
2015-04-17 00:10:52 1492 [Note] Shutting down plugin 'INNODB_BUFFER_PAGE_LRU'
2015-04-17 00:10:52 1492 [Note] Shutting down plugin 'INNODB_BUFFER_PAGE'
2015-04-17 00:10:52 1492 [Note] Shutting down plugin 'INNODB_CMP_PER_INDEX_RESET'
2015-04-17 00:10:52 1492 [Note] Shutting down plugin 'INNODB_CMP_PER_INDEX'
2015-04-17 00:10:52 1492 [Note] Shutting down plugin 'INNODB_CMPMEM_RESET'
2015-04-17 00:10:52 1492 [Note] Shutting down plugin 'INNODB_CMPMEM'
2015-04-17 00:10:52 1492 [Note] Shutting down plugin 'INNODB_CMP_RESET'
2015-04-17 00:10:52 1492 [Note] Shutting down plugin 'INNODB_CMP'
2015-04-17 00:10:52 1492 [Note] Shutting down plugin 'INNODB_LOCK_WAITS'
2015-04-17 00:10:52 1492 [Note] Shutting down plugin 'INNODB_LOCKS'
2015-04-17 00:10:52 1492 [Note] Shutting down plugin 'INNODB_TRX'
2015-04-17 00:10:52 1492 [Note] Shutting down plugin 'InnoDB'
2015-04-17 00:10:52 1492 [Note] InnoDB: FTS optimize thread exiting.
2015-04-17 00:10:52 1492 [Note] InnoDB: Starting shutdown...
2015-04-17 00:10:53 1492 [Note] InnoDB: Shutdown completed; log sequence number 1625997
2015-04-17 00:10:53 1492 [Note] Shutting down plugin 'BLACKHOLE'
2015-04-17 00:10:53 1492 [Note] Shutting down plugin 'ARCHIVE'
2015-04-17 00:10:53 1492 [Note] Shutting down plugin 'MRG_MYISAM'
2015-04-17 00:10:53 1492 [Note] Shutting down plugin 'MyISAM'
2015-04-17 00:10:53 1492 [Note] Shutting down plugin 'MEMORY'
2015-04-17 00:10:53 1492 [Note] Shutting down plugin 'CSV'
2015-04-17 00:10:53 1492 [Note] Shutting down plugin 'sha256_password'
2015-04-17 00:10:53 1492 [Note] Shutting down plugin 'mysql_old_password'
2015-04-17 00:10:53 1492 [Note] Shutting down plugin 'mysql_native_password'
2015-04-17 00:10:53 1492 [Note] Shutting down plugin 'binlog'
2015-04-17 00:10:53 1492 [Note] wampmysqld: Shutdown complete

2015-04-17 00:10:54 6372 [Note] Plugin 'FEDERATED' is disabled.
2015-04-17 00:10:54 6372 [Note] InnoDB: The InnoDB memory heap is disabled
2015-04-17 00:10:54 6372 [Note] InnoDB: Mutexes and rw_locks use Windows interlocked functions
2015-04-17 00:10:54 6372 [Note] InnoDB: Compressed tables use zlib 1.2.3
2015-04-17 00:10:54 6372 [Note] InnoDB: Not using CPU crc32 instructions
2015-04-17 00:10:54 6372 [Note] InnoDB: Initializing buffer pool, size = 128.0M
2015-04-17 00:10:54 6372 [Note] InnoDB: Completed initialization of buffer pool
2015-04-17 00:10:54 6372 [Note] InnoDB: Highest supported file format is Barracuda.
2015-04-17 00:10:54 6372 [Note] InnoDB: 128 rollback segment(s) are active.
2015-04-17 00:10:54 6372 [Note] InnoDB: Waiting for purge to start
2015-04-17 00:10:54 6372 [Note] InnoDB: 5.6.12 started; log sequence number 1625997
2015-04-17 00:10:54 6372 [Note] Server hostname (bind-address): '*'; port: 3306
2015-04-17 00:10:54 6372 [Note] IPv6 is available.
2015-04-17 00:10:54 6372 [Note]   - '::' resolves to '::';
2015-04-17 00:10:54 6372 [Note] Server socket created on IP: '::'.
2015-04-17 00:10:54 6372 [Note] Event Scheduler: Loaded 0 events
2015-04-17 00:10:54 6372 [Note] wampmysqld: ready for connections.
Version: '5.6.12-log'  socket: ''  port: 3306  MySQL Community Server (GPL)
2015-04-17 00:18:21 6372 [Note] wampmysqld: Normal shutdown

2015-04-17 00:18:21 6372 [Note] Giving 0 client threads a chance to die gracefully
2015-04-17 00:18:21 6372 [Note] Event Scheduler: Purging the queue. 0 events
2015-04-17 00:18:21 6372 [Note] Shutting down slave threads
2015-04-17 00:18:21 6372 [Note] Forcefully disconnecting 0 remaining clients
2015-04-17 00:18:21 6372 [Note] Binlog end
2015-04-17 00:18:21 6372 [Note] Shutting down plugin 'partition'
2015-04-17 00:18:21 6372 [Note] Shutting down plugin 'PERFORMANCE_SCHEMA'
2015-04-17 00:18:21 6372 [Note] Shutting down plugin 'INNODB_SYS_DATAFILES'
2015-04-17 00:18:21 6372 [Note] Shutting down plugin 'INNODB_SYS_TABLESPACES'
2015-04-17 00:18:21 6372 [Note] Shutting down plugin 'INNODB_SYS_FOREIGN_COLS'
2015-04-17 00:18:21 6372 [Note] Shutting down plugin 'INNODB_SYS_FOREIGN'
2015-04-17 00:18:21 6372 [Note] Shutting down plugin 'INNODB_SYS_FIELDS'
2015-04-17 00:18:21 6372 [Note] Shutting down plugin 'INNODB_SYS_COLUMNS'
2015-04-17 00:18:21 6372 [Note] Shutting down plugin 'INNODB_SYS_INDEXES'
2015-04-17 00:18:21 6372 [Note] Shutting down plugin 'INNODB_SYS_TABLESTATS'
2015-04-17 00:18:21 6372 [Note] Shutting down plugin 'INNODB_SYS_TABLES'
2015-04-17 00:18:21 6372 [Note] Shutting down plugin 'INNODB_FT_INDEX_TABLE'
2015-04-17 00:18:21 6372 [Note] Shutting down plugin 'INNODB_FT_INDEX_CACHE'
2015-04-17 00:18:21 6372 [Note] Shutting down plugin 'INNODB_FT_CONFIG'
2015-04-17 00:18:21 6372 [Note] Shutting down plugin 'INNODB_FT_BEING_DELETED'
2015-04-17 00:18:21 6372 [Note] Shutting down plugin 'INNODB_FT_DELETED'
2015-04-17 00:18:21 6372 [Note] Shutting down plugin 'INNODB_FT_DEFAULT_STOPWORD'
2015-04-17 00:18:21 6372 [Note] Shutting down plugin 'INNODB_METRICS'
2015-04-17 00:18:21 6372 [Note] Shutting down plugin 'INNODB_BUFFER_POOL_STATS'
2015-04-17 00:18:21 6372 [Note] Shutting down plugin 'INNODB_BUFFER_PAGE_LRU'
2015-04-17 00:18:21 6372 [Note] Shutting down plugin 'INNODB_BUFFER_PAGE'
2015-04-17 00:18:21 6372 [Note] Shutting down plugin 'INNODB_CMP_PER_INDEX_RESET'
2015-04-17 00:18:22 6372 [Note] Shutting down plugin 'INNODB_CMP_PER_INDEX'
2015-04-17 00:18:22 6372 [Note] Shutting down plugin 'INNODB_CMPMEM_RESET'
2015-04-17 00:18:22 6372 [Note] Shutting down plugin 'INNODB_CMPMEM'
2015-04-17 00:18:22 6372 [Note] Shutting down plugin 'INNODB_CMP_RESET'
2015-04-17 00:18:22 6372 [Note] Shutting down plugin 'INNODB_CMP'
2015-04-17 00:18:22 6372 [Note] Shutting down plugin 'INNODB_LOCK_WAITS'
2015-04-17 00:18:22 6372 [Note] Shutting down plugin 'INNODB_LOCKS'
2015-04-17 00:18:22 6372 [Note] Shutting down plugin 'INNODB_TRX'
2015-04-17 00:18:22 6372 [Note] Shutting down plugin 'InnoDB'
2015-04-17 00:18:22 6372 [Note] InnoDB: FTS optimize thread exiting.
2015-04-17 00:18:22 6372 [Note] InnoDB: Starting shutdown...
2015-04-17 00:18:22 6372 [Note] InnoDB: Shutdown completed; log sequence number 1626007
2015-04-17 00:18:22 6372 [Note] Shutting down plugin 'BLACKHOLE'
2015-04-17 00:18:22 6372 [Note] Shutting down plugin 'ARCHIVE'
2015-04-17 00:18:22 6372 [Note] Shutting down plugin 'MRG_MYISAM'
2015-04-17 00:18:22 6372 [Note] Shutting down plugin 'MyISAM'
2015-04-17 00:18:22 6372 [Note] Shutting down plugin 'MEMORY'
2015-04-17 00:18:22 6372 [Note] Shutting down plugin 'CSV'
2015-04-17 00:18:22 6372 [Note] Shutting down plugin 'sha256_password'
2015-04-17 00:18:22 6372 [Note] Shutting down plugin 'mysql_old_password'
2015-04-17 00:18:22 6372 [Note] Shutting down plugin 'mysql_native_password'
2015-04-17 00:18:22 6372 [Note] Shutting down plugin 'binlog'
2015-04-17 00:18:22 6372 [Note] wampmysqld: Shutdown complete

2015-04-17 00:18:23 2340 [Note] Plugin 'FEDERATED' is disabled.
2015-04-17 00:18:23 2340 [Note] InnoDB: The InnoDB memory heap is disabled
2015-04-17 00:18:23 2340 [Note] InnoDB: Mutexes and rw_locks use Windows interlocked functions
2015-04-17 00:18:23 2340 [Note] InnoDB: Compressed tables use zlib 1.2.3
2015-04-17 00:18:23 2340 [Note] InnoDB: Not using CPU crc32 instructions
2015-04-17 00:18:23 2340 [Note] InnoDB: Initializing buffer pool, size = 128.0M
2015-04-17 00:18:23 2340 [Note] InnoDB: Completed initialization of buffer pool
2015-04-17 00:18:23 2340 [Note] InnoDB: Highest supported file format is Barracuda.
2015-04-17 00:18:24 2340 [Note] InnoDB: 128 rollback segment(s) are active.
2015-04-17 00:18:24 2340 [Note] InnoDB: Waiting for purge to start
2015-04-17 00:18:24 2340 [Note] InnoDB: 5.6.12 started; log sequence number 1626007
2015-04-17 00:18:24 2340 [Note] Server hostname (bind-address): '*'; port: 3306
2015-04-17 00:18:24 2340 [Note] IPv6 is available.
2015-04-17 00:18:24 2340 [Note]   - '::' resolves to '::';
2015-04-17 00:18:24 2340 [Note] Server socket created on IP: '::'.
2015-04-17 00:18:24 2340 [Note] Event Scheduler: Loaded 0 events
2015-04-17 00:18:24 2340 [Note] wampmysqld: ready for connections.
Version: '5.6.12-log'  socket: ''  port: 3306  MySQL Community Server (GPL)
2015-04-17 00:18:32 2340 [Note] wampmysqld: Normal shutdown

2015-04-17 00:18:32 2340 [Note] Giving 0 client threads a chance to die gracefully
2015-04-17 00:18:32 2340 [Note] Event Scheduler: Purging the queue. 0 events
2015-04-17 00:18:32 2340 [Note] Shutting down slave threads
2015-04-17 00:18:32 2340 [Note] Forcefully disconnecting 0 remaining clients
2015-04-17 00:18:32 2340 [Note] Binlog end
2015-04-17 00:18:32 2340 [Note] Shutting down plugin 'partition'
2015-04-17 00:18:32 2340 [Note] Shutting down plugin 'PERFORMANCE_SCHEMA'
2015-04-17 00:18:32 2340 [Note] Shutting down plugin 'INNODB_SYS_DATAFILES'
2015-04-17 00:18:32 2340 [Note] Shutting down plugin 'INNODB_SYS_TABLESPACES'
2015-04-17 00:18:32 2340 [Note] Shutting down plugin 'INNODB_SYS_FOREIGN_COLS'
2015-04-17 00:18:32 2340 [Note] Shutting down plugin 'INNODB_SYS_FOREIGN'
2015-04-17 00:18:32 2340 [Note] Shutting down plugin 'INNODB_SYS_FIELDS'
2015-04-17 00:18:32 2340 [Note] Shutting down plugin 'INNODB_SYS_COLUMNS'
2015-04-17 00:18:32 2340 [Note] Shutting down plugin 'INNODB_SYS_INDEXES'
2015-04-17 00:18:32 2340 [Note] Shutting down plugin 'INNODB_SYS_TABLESTATS'
2015-04-17 00:18:32 2340 [Note] Shutting down plugin 'INNODB_SYS_TABLES'
2015-04-17 00:18:32 2340 [Note] Shutting down plugin 'INNODB_FT_INDEX_TABLE'
2015-04-17 00:18:32 2340 [Note] Shutting down plugin 'INNODB_FT_INDEX_CACHE'
2015-04-17 00:18:32 2340 [Note] Shutting down plugin 'INNODB_FT_CONFIG'
2015-04-17 00:18:32 2340 [Note] Shutting down plugin 'INNODB_FT_BEING_DELETED'
2015-04-17 00:18:32 2340 [Note] Shutting down plugin 'INNODB_FT_DELETED'
2015-04-17 00:18:32 2340 [Note] Shutting down plugin 'INNODB_FT_DEFAULT_STOPWORD'
2015-04-17 00:18:32 2340 [Note] Shutting down plugin 'INNODB_METRICS'
2015-04-17 00:18:32 2340 [Note] Shutting down plugin 'INNODB_BUFFER_POOL_STATS'
2015-04-17 00:18:32 2340 [Note] Shutting down plugin 'INNODB_BUFFER_PAGE_LRU'
2015-04-17 00:18:32 2340 [Note] Shutting down plugin 'INNODB_BUFFER_PAGE'
2015-04-17 00:18:32 2340 [Note] Shutting down plugin 'INNODB_CMP_PER_INDEX_RESET'
2015-04-17 00:18:32 2340 [Note] Shutting down plugin 'INNODB_CMP_PER_INDEX'
2015-04-17 00:18:32 2340 [Note] Shutting down plugin 'INNODB_CMPMEM_RESET'
2015-04-17 00:18:32 2340 [Note] Shutting down plugin 'INNODB_CMPMEM'
2015-04-17 00:18:32 2340 [Note] Shutting down plugin 'INNODB_CMP_RESET'
2015-04-17 00:18:32 2340 [Note] Shutting down plugin 'INNODB_CMP'
2015-04-17 00:18:32 2340 [Note] Shutting down plugin 'INNODB_LOCK_WAITS'
2015-04-17 00:18:32 2340 [Note] Shutting down plugin 'INNODB_LOCKS'
2015-04-17 00:18:32 2340 [Note] Shutting down plugin 'INNODB_TRX'
2015-04-17 00:18:32 2340 [Note] Shutting down plugin 'InnoDB'
2015-04-17 00:18:32 2340 [Note] InnoDB: FTS optimize thread exiting.
2015-04-17 00:18:32 2340 [Note] InnoDB: Starting shutdown...
2015-04-17 00:18:33 2340 [Note] InnoDB: Shutdown completed; log sequence number 1626017
2015-04-17 00:18:33 2340 [Note] Shutting down plugin 'BLACKHOLE'
2015-04-17 00:18:33 2340 [Note] Shutting down plugin 'ARCHIVE'
2015-04-17 00:18:33 2340 [Note] Shutting down plugin 'MRG_MYISAM'
2015-04-17 00:18:33 2340 [Note] Shutting down plugin 'MyISAM'
2015-04-17 00:18:33 2340 [Note] Shutting down plugin 'MEMORY'
2015-04-17 00:18:33 2340 [Note] Shutting down plugin 'CSV'
2015-04-17 00:18:33 2340 [Note] Shutting down plugin 'sha256_password'
2015-04-17 00:18:33 2340 [Note] Shutting down plugin 'mysql_old_password'
2015-04-17 00:18:33 2340 [Note] Shutting down plugin 'mysql_native_password'
2015-04-17 00:18:33 2340 [Note] Shutting down plugin 'binlog'
2015-04-17 00:18:33 2340 [Note] wampmysqld: Shutdown complete

2015-04-17 00:18:34 8148 [Note] Plugin 'FEDERATED' is disabled.
2015-04-17 00:18:34 8148 [Note] InnoDB: The InnoDB memory heap is disabled
2015-04-17 00:18:34 8148 [Note] InnoDB: Mutexes and rw_locks use Windows interlocked functions
2015-04-17 00:18:34 8148 [Note] InnoDB: Compressed tables use zlib 1.2.3
2015-04-17 00:18:34 8148 [Note] InnoDB: Not using CPU crc32 instructions
2015-04-17 00:18:34 8148 [Note] InnoDB: Initializing buffer pool, size = 128.0M
2015-04-17 00:18:34 8148 [Note] InnoDB: Completed initialization of buffer pool
2015-04-17 00:18:34 8148 [Note] InnoDB: Highest supported file format is Barracuda.
2015-04-17 00:18:34 8148 [Note] InnoDB: 128 rollback segment(s) are active.
2015-04-17 00:18:34 8148 [Note] InnoDB: Waiting for purge to start
2015-04-17 00:18:35 8148 [Note] InnoDB: 5.6.12 started; log sequence number 1626017
2015-04-17 00:18:35 8148 [Note] Server hostname (bind-address): '*'; port: 3306
2015-04-17 00:18:35 8148 [Note] IPv6 is available.
2015-04-17 00:18:35 8148 [Note]   - '::' resolves to '::';
2015-04-17 00:18:35 8148 [Note] Server socket created on IP: '::'.
2015-04-17 00:18:35 8148 [Note] Event Scheduler: Loaded 0 events
2015-04-17 00:18:35 8148 [Note] wampmysqld: ready for connections.
Version: '5.6.12-log'  socket: ''  port: 3306  MySQL Community Server (GPL)
2015-04-17 00:21:05 8148 [Note] wampmysqld: Normal shutdown

2015-04-17 00:21:05 8148 [Note] Giving 0 client threads a chance to die gracefully
2015-04-17 00:21:05 8148 [Note] Event Scheduler: Purging the queue. 0 events
2015-04-17 00:21:05 8148 [Note] Shutting down slave threads
2015-04-17 00:21:05 8148 [Note] Forcefully disconnecting 0 remaining clients
2015-04-17 00:21:05 8148 [Note] Binlog end
2015-04-17 00:21:05 8148 [Note] Shutting down plugin 'partition'
2015-04-17 00:21:05 8148 [Note] Shutting down plugin 'PERFORMANCE_SCHEMA'
2015-04-17 00:21:05 8148 [Note] Shutting down plugin 'INNODB_SYS_DATAFILES'
2015-04-17 00:21:05 8148 [Note] Shutting down plugin 'INNODB_SYS_TABLESPACES'
2015-04-17 00:21:05 8148 [Note] Shutting down plugin 'INNODB_SYS_FOREIGN_COLS'
2015-04-17 00:21:05 8148 [Note] Shutting down plugin 'INNODB_SYS_FOREIGN'
2015-04-17 00:21:05 8148 [Note] Shutting down plugin 'INNODB_SYS_FIELDS'
2015-04-17 00:21:05 8148 [Note] Shutting down plugin 'INNODB_SYS_COLUMNS'
2015-04-17 00:21:05 8148 [Note] Shutting down plugin 'INNODB_SYS_INDEXES'
2015-04-17 00:21:05 8148 [Note] Shutting down plugin 'INNODB_SYS_TABLESTATS'
2015-04-17 00:21:05 8148 [Note] Shutting down plugin 'INNODB_SYS_TABLES'
2015-04-17 00:21:05 8148 [Note] Shutting down plugin 'INNODB_FT_INDEX_TABLE'
2015-04-17 00:21:05 8148 [Note] Shutting down plugin 'INNODB_FT_INDEX_CACHE'
2015-04-17 00:21:05 8148 [Note] Shutting down plugin 'INNODB_FT_CONFIG'
2015-04-17 00:21:05 8148 [Note] Shutting down plugin 'INNODB_FT_BEING_DELETED'
2015-04-17 00:21:05 8148 [Note] Shutting down plugin 'INNODB_FT_DELETED'
2015-04-17 00:21:05 8148 [Note] Shutting down plugin 'INNODB_FT_DEFAULT_STOPWORD'
2015-04-17 00:21:05 8148 [Note] Shutting down plugin 'INNODB_METRICS'
2015-04-17 00:21:05 8148 [Note] Shutting down plugin 'INNODB_BUFFER_POOL_STATS'
2015-04-17 00:21:05 8148 [Note] Shutting down plugin 'INNODB_BUFFER_PAGE_LRU'
2015-04-17 00:21:05 8148 [Note] Shutting down plugin 'INNODB_BUFFER_PAGE'
2015-04-17 00:21:05 8148 [Note] Shutting down plugin 'INNODB_CMP_PER_INDEX_RESET'
2015-04-17 00:21:05 8148 [Note] Shutting down plugin 'INNODB_CMP_PER_INDEX'
2015-04-17 00:21:05 8148 [Note] Shutting down plugin 'INNODB_CMPMEM_RESET'
2015-04-17 00:21:05 8148 [Note] Shutting down plugin 'INNODB_CMPMEM'
2015-04-17 00:21:05 8148 [Note] Shutting down plugin 'INNODB_CMP_RESET'
2015-04-17 00:21:05 8148 [Note] Shutting down plugin 'INNODB_CMP'
2015-04-17 00:21:05 8148 [Note] Shutting down plugin 'INNODB_LOCK_WAITS'
2015-04-17 00:21:05 8148 [Note] Shutting down plugin 'INNODB_LOCKS'
2015-04-17 00:21:05 8148 [Note] Shutting down plugin 'INNODB_TRX'
2015-04-17 00:21:05 8148 [Note] Shutting down plugin 'InnoDB'
2015-04-17 00:21:05 8148 [Note] InnoDB: FTS optimize thread exiting.
2015-04-17 00:21:05 8148 [Note] InnoDB: Starting shutdown...
2015-04-17 00:21:05 8148 [Note] InnoDB: Shutdown completed; log sequence number 1626027
2015-04-17 00:21:05 8148 [Note] Shutting down plugin 'BLACKHOLE'
2015-04-17 00:21:05 8148 [Note] Shutting down plugin 'ARCHIVE'
2015-04-17 00:21:05 8148 [Note] Shutting down plugin 'MRG_MYISAM'
2015-04-17 00:21:05 8148 [Note] Shutting down plugin 'MyISAM'
2015-04-17 00:21:05 8148 [Note] Shutting down plugin 'MEMORY'
2015-04-17 00:21:05 8148 [Note] Shutting down plugin 'CSV'
2015-04-17 00:21:05 8148 [Note] Shutting down plugin 'sha256_password'
2015-04-17 00:21:05 8148 [Note] Shutting down plugin 'mysql_old_password'
2015-04-17 00:21:05 8148 [Note] Shutting down plugin 'mysql_native_password'
2015-04-17 00:21:05 8148 [Note] Shutting down plugin 'binlog'
2015-04-17 00:21:05 8148 [Note] wampmysqld: Shutdown complete

2015-04-17 00:21:07 2336 [Note] Plugin 'FEDERATED' is disabled.
2015-04-17 00:21:07 2336 [Note] InnoDB: The InnoDB memory heap is disabled
2015-04-17 00:21:07 2336 [Note] InnoDB: Mutexes and rw_locks use Windows interlocked functions
2015-04-17 00:21:07 2336 [Note] InnoDB: Compressed tables use zlib 1.2.3
2015-04-17 00:21:07 2336 [Note] InnoDB: Not using CPU crc32 instructions
2015-04-17 00:21:07 2336 [Note] InnoDB: Initializing buffer pool, size = 128.0M
2015-04-17 00:21:07 2336 [Note] InnoDB: Completed initialization of buffer pool
2015-04-17 00:21:07 2336 [Note] InnoDB: Highest supported file format is Barracuda.
2015-04-17 00:21:07 2336 [Note] InnoDB: 128 rollback segment(s) are active.
2015-04-17 00:21:07 2336 [Note] InnoDB: Waiting for purge to start
2015-04-17 00:21:07 2336 [Note] InnoDB: 5.6.12 started; log sequence number 1626027
2015-04-17 00:21:07 2336 [Note] Server hostname (bind-address): '*'; port: 3306
2015-04-17 00:21:07 2336 [Note] IPv6 is available.
2015-04-17 00:21:07 2336 [Note]   - '::' resolves to '::';
2015-04-17 00:21:07 2336 [Note] Server socket created on IP: '::'.
2015-04-17 00:21:07 2336 [Note] Event Scheduler: Loaded 0 events
2015-04-17 00:21:07 2336 [Note] wampmysqld: ready for connections.
Version: '5.6.12-log'  socket: ''  port: 3306  MySQL Community Server (GPL)
2015-04-17 00:24:01 2336 [Note] wampmysqld: Normal shutdown

2015-04-17 00:24:01 2336 [Note] Giving 0 client threads a chance to die gracefully
2015-04-17 00:24:01 2336 [Note] Event Scheduler: Purging the queue. 0 events
2015-04-17 00:24:01 2336 [Note] Shutting down slave threads
2015-04-17 00:24:01 2336 [Note] Forcefully disconnecting 0 remaining clients
2015-04-17 00:24:01 2336 [Note] Binlog end
2015-04-17 00:24:01 2336 [Note] Shutting down plugin 'partition'
2015-04-17 00:24:01 2336 [Note] Shutting down plugin 'PERFORMANCE_SCHEMA'
2015-04-17 00:24:01 2336 [Note] Shutting down plugin 'INNODB_SYS_DATAFILES'
2015-04-17 00:24:01 2336 [Note] Shutting down plugin 'INNODB_SYS_TABLESPACES'
2015-04-17 00:24:01 2336 [Note] Shutting down plugin 'INNODB_SYS_FOREIGN_COLS'
2015-04-17 00:24:01 2336 [Note] Shutting down plugin 'INNODB_SYS_FOREIGN'
2015-04-17 00:24:01 2336 [Note] Shutting down plugin 'INNODB_SYS_FIELDS'
2015-04-17 00:24:01 2336 [Note] Shutting down plugin 'INNODB_SYS_COLUMNS'
2015-04-17 00:24:01 2336 [Note] Shutting down plugin 'INNODB_SYS_INDEXES'
2015-04-17 00:24:01 2336 [Note] Shutting down plugin 'INNODB_SYS_TABLESTATS'
2015-04-17 00:24:01 2336 [Note] Shutting down plugin 'INNODB_SYS_TABLES'
2015-04-17 00:24:01 2336 [Note] Shutting down plugin 'INNODB_FT_INDEX_TABLE'
2015-04-17 00:24:01 2336 [Note] Shutting down plugin 'INNODB_FT_INDEX_CACHE'
2015-04-17 00:24:01 2336 [Note] Shutting down plugin 'INNODB_FT_CONFIG'
2015-04-17 00:24:01 2336 [Note] Shutting down plugin 'INNODB_FT_BEING_DELETED'
2015-04-17 00:24:01 2336 [Note] Shutting down plugin 'INNODB_FT_DELETED'
2015-04-17 00:24:01 2336 [Note] Shutting down plugin 'INNODB_FT_DEFAULT_STOPWORD'
2015-04-17 00:24:01 2336 [Note] Shutting down plugin 'INNODB_METRICS'
2015-04-17 00:24:01 2336 [Note] Shutting down plugin 'INNODB_BUFFER_POOL_STATS'
2015-04-17 00:24:01 2336 [Note] Shutting down plugin 'INNODB_BUFFER_PAGE_LRU'
2015-04-17 00:24:01 2336 [Note] Shutting down plugin 'INNODB_BUFFER_PAGE'
2015-04-17 00:24:01 2336 [Note] Shutting down plugin 'INNODB_CMP_PER_INDEX_RESET'
2015-04-17 00:24:01 2336 [Note] Shutting down plugin 'INNODB_CMP_PER_INDEX'
2015-04-17 00:24:01 2336 [Note] Shutting down plugin 'INNODB_CMPMEM_RESET'
2015-04-17 00:24:01 2336 [Note] Shutting down plugin 'INNODB_CMPMEM'
2015-04-17 00:24:01 2336 [Note] Shutting down plugin 'INNODB_CMP_RESET'
2015-04-17 00:24:01 2336 [Note] Shutting down plugin 'INNODB_CMP'
2015-04-17 00:24:01 2336 [Note] Shutting down plugin 'INNODB_LOCK_WAITS'
2015-04-17 00:24:01 2336 [Note] Shutting down plugin 'INNODB_LOCKS'
2015-04-17 00:24:01 2336 [Note] Shutting down plugin 'INNODB_TRX'
2015-04-17 00:24:01 2336 [Note] Shutting down plugin 'InnoDB'
2015-04-17 00:24:01 2336 [Note] InnoDB: FTS optimize thread exiting.
2015-04-17 00:24:01 2336 [Note] InnoDB: Starting shutdown...
2015-04-17 00:26:09 1436 [Note] Plugin 'FEDERATED' is disabled.
2015-04-17 00:26:09 1436 [Note] InnoDB: The InnoDB memory heap is disabled
2015-04-17 00:26:09 1436 [Note] InnoDB: Mutexes and rw_locks use Windows interlocked functions
2015-04-17 00:26:09 1436 [Note] InnoDB: Compressed tables use zlib 1.2.3
2015-04-17 00:26:09 1436 [Note] InnoDB: Not using CPU crc32 instructions
2015-04-17 00:26:09 1436 [Note] InnoDB: Initializing buffer pool, size = 128.0M
2015-04-17 00:26:09 1436 [Note] InnoDB: Completed initialization of buffer pool
2015-04-17 00:26:09 1436 [Note] InnoDB: Highest supported file format is Barracuda.
2015-04-17 00:26:09 1436 [Note] InnoDB: The log sequence numbers 1626027 and 1626027 in ibdata files do not match the log sequence number 1626037 in the ib_logfiles!
2015-04-17 00:26:09 1436 [Note] InnoDB: Database was not shutdown normally!
2015-04-17 00:26:09 1436 [Note] InnoDB: Starting crash recovery.
2015-04-17 00:26:09 1436 [Note] InnoDB: Reading tablespace information from the .ibd files...
2015-04-17 00:26:09 1436 [Note] InnoDB: Restoring possible half-written data pages 
2015-04-17 00:26:09 1436 [Note] InnoDB: from the doublewrite buffer...
2015-04-17 00:26:09 1436 [Note] InnoDB: 128 rollback segment(s) are active.
2015-04-17 00:26:09 1436 [Note] InnoDB: Waiting for purge to start
2015-04-17 00:26:09 1436 [Note] InnoDB: 5.6.12 started; log sequence number 1626037
2015-04-17 00:26:09 1436 [Note] Server hostname (bind-address): '*'; port: 3306
2015-04-17 00:26:09 1436 [Note] IPv6 is available.
2015-04-17 00:26:09 1436 [Note]   - '::' resolves to '::';
2015-04-17 00:26:09 1436 [Note] Server socket created on IP: '::'.
2015-04-17 00:26:10 1436 [Note] Event Scheduler: Loaded 0 events
2015-04-17 00:26:10 1436 [Note] wampmysqld: ready for connections.
Version: '5.6.12-log'  socket: ''  port: 3306  MySQL Community Server (GPL)
2015-04-17 00:36:54 1436 [Note] wampmysqld: Normal shutdown

2015-04-17 00:36:54 1436 [Note] Giving 0 client threads a chance to die gracefully
2015-04-17 00:36:54 1436 [Note] Event Scheduler: Purging the queue. 0 events
2015-04-17 00:36:54 1436 [Note] Shutting down slave threads
2015-04-17 00:36:54 1436 [Note] Forcefully disconnecting 0 remaining clients
2015-04-17 00:36:54 1436 [Note] Binlog end
2015-04-17 00:36:54 1436 [Note] Shutting down plugin 'partition'
2015-04-17 00:36:54 1436 [Note] Shutting down plugin 'PERFORMANCE_SCHEMA'
2015-04-17 00:36:54 1436 [Note] Shutting down plugin 'INNODB_SYS_DATAFILES'
2015-04-17 00:36:54 1436 [Note] Shutting down plugin 'INNODB_SYS_TABLESPACES'
2015-04-17 00:36:54 1436 [Note] Shutting down plugin 'INNODB_SYS_FOREIGN_COLS'
2015-04-17 00:36:54 1436 [Note] Shutting down plugin 'INNODB_SYS_FOREIGN'
2015-04-17 00:36:54 1436 [Note] Shutting down plugin 'INNODB_SYS_FIELDS'
2015-04-17 00:36:54 1436 [Note] Shutting down plugin 'INNODB_SYS_COLUMNS'
2015-04-17 00:36:54 1436 [Note] Shutting down plugin 'INNODB_SYS_INDEXES'
2015-04-17 00:36:54 1436 [Note] Shutting down plugin 'INNODB_SYS_TABLESTATS'
2015-04-17 00:36:54 1436 [Note] Shutting down plugin 'INNODB_SYS_TABLES'
2015-04-17 00:36:54 1436 [Note] Shutting down plugin 'INNODB_FT_INDEX_TABLE'
2015-04-17 00:36:54 1436 [Note] Shutting down plugin 'INNODB_FT_INDEX_CACHE'
2015-04-17 00:36:54 1436 [Note] Shutting down plugin 'INNODB_FT_CONFIG'
2015-04-17 00:36:54 1436 [Note] Shutting down plugin 'INNODB_FT_BEING_DELETED'
2015-04-17 00:36:54 1436 [Note] Shutting down plugin 'INNODB_FT_DELETED'
2015-04-17 00:36:54 1436 [Note] Shutting down plugin 'INNODB_FT_DEFAULT_STOPWORD'
2015-04-17 00:36:54 1436 [Note] Shutting down plugin 'INNODB_METRICS'
2015-04-17 00:36:54 1436 [Note] Shutting down plugin 'INNODB_BUFFER_POOL_STATS'
2015-04-17 00:36:54 1436 [Note] Shutting down plugin 'INNODB_BUFFER_PAGE_LRU'
2015-04-17 00:36:54 1436 [Note] Shutting down plugin 'INNODB_BUFFER_PAGE'
2015-04-17 00:36:54 1436 [Note] Shutting down plugin 'INNODB_CMP_PER_INDEX_RESET'
2015-04-17 00:36:54 1436 [Note] Shutting down plugin 'INNODB_CMP_PER_INDEX'
2015-04-17 00:36:54 1436 [Note] Shutting down plugin 'INNODB_CMPMEM_RESET'
2015-04-17 00:36:54 1436 [Note] Shutting down plugin 'INNODB_CMPMEM'
2015-04-17 00:36:54 1436 [Note] Shutting down plugin 'INNODB_CMP_RESET'
2015-04-17 00:36:54 1436 [Note] Shutting down plugin 'INNODB_CMP'
2015-04-17 00:36:54 1436 [Note] Shutting down plugin 'INNODB_LOCK_WAITS'
2015-04-17 00:36:54 1436 [Note] Shutting down plugin 'INNODB_LOCKS'
2015-04-17 00:36:54 1436 [Note] Shutting down plugin 'INNODB_TRX'
2015-04-17 00:36:54 1436 [Note] Shutting down plugin 'InnoDB'
2015-04-17 00:36:54 1436 [Note] InnoDB: FTS optimize thread exiting.
2015-04-17 00:36:54 1436 [Note] InnoDB: Starting shutdown...
2015-04-17 00:36:55 1436 [Note] InnoDB: Shutdown completed; log sequence number 1626047
2015-04-17 00:36:55 1436 [Note] Shutting down plugin 'BLACKHOLE'
2015-04-17 00:36:55 1436 [Note] Shutting down plugin 'ARCHIVE'
2015-04-17 00:36:55 1436 [Note] Shutting down plugin 'MRG_MYISAM'
2015-04-17 00:36:55 1436 [Note] Shutting down plugin 'MyISAM'
2015-04-17 00:36:55 1436 [Note] Shutting down plugin 'MEMORY'
2015-04-17 00:36:55 1436 [Note] Shutting down plugin 'CSV'
2015-04-17 00:36:55 1436 [Note] Shutting down plugin 'sha256_password'
2015-04-17 00:36:55 1436 [Note] Shutting down plugin 'mysql_old_password'
2015-04-17 00:36:55 1436 [Note] Shutting down plugin 'mysql_native_password'
2015-04-17 00:36:55 1436 [Note] Shutting down plugin 'binlog'
2015-04-17 00:36:55 1436 [Note] wampmysqld: Shutdown complete

2015-04-17 00:36:57 8896 [Note] Plugin 'FEDERATED' is disabled.
2015-04-17 00:36:57 8896 [Note] InnoDB: The InnoDB memory heap is disabled
2015-04-17 00:36:57 8896 [Note] InnoDB: Mutexes and rw_locks use Windows interlocked functions
2015-04-17 00:36:57 8896 [Note] InnoDB: Compressed tables use zlib 1.2.3
2015-04-17 00:36:57 8896 [Note] InnoDB: Not using CPU crc32 instructions
2015-04-17 00:36:57 8896 [Note] InnoDB: Initializing buffer pool, size = 128.0M
2015-04-17 00:36:57 8896 [Note] InnoDB: Completed initialization of buffer pool
2015-04-17 00:36:57 8896 [Note] InnoDB: Highest supported file format is Barracuda.
2015-04-17 00:36:57 8896 [Note] InnoDB: 128 rollback segment(s) are active.
2015-04-17 00:36:57 8896 [Note] InnoDB: Waiting for purge to start
2015-04-17 00:36:57 8896 [Note] InnoDB: 5.6.12 started; log sequence number 1626047
2015-04-17 00:36:57 8896 [Note] Server hostname (bind-address): '*'; port: 3306
2015-04-17 00:36:57 8896 [Note] IPv6 is available.
2015-04-17 00:36:57 8896 [Note]   - '::' resolves to '::';
2015-04-17 00:36:57 8896 [Note] Server socket created on IP: '::'.
2015-04-17 00:36:57 8896 [Note] Event Scheduler: Loaded 0 events
2015-04-17 00:36:57 8896 [Note] wampmysqld: ready for connections.
Version: '5.6.12-log'  socket: ''  port: 3306  MySQL Community Server (GPL)
2015-04-17 00:43:55 8896 [Note] wampmysqld: Normal shutdown

2015-04-17 00:43:55 8896 [Note] Giving 0 client threads a chance to die gracefully
2015-04-17 00:43:55 8896 [Note] Event Scheduler: Purging the queue. 0 events
2015-04-17 00:43:55 8896 [Note] Shutting down slave threads
2015-04-17 00:43:55 8896 [Note] Forcefully disconnecting 0 remaining clients
2015-04-17 00:43:55 8896 [Note] Binlog end
2015-04-17 00:43:55 8896 [Note] Shutting down plugin 'partition'
2015-04-17 00:43:55 8896 [Note] Shutting down plugin 'PERFORMANCE_SCHEMA'
2015-04-17 00:43:55 8896 [Note] Shutting down plugin 'INNODB_SYS_DATAFILES'
2015-04-17 00:43:55 8896 [Note] Shutting down plugin 'INNODB_SYS_TABLESPACES'
2015-04-17 00:43:55 8896 [Note] Shutting down plugin 'INNODB_SYS_FOREIGN_COLS'
2015-04-17 00:43:55 8896 [Note] Shutting down plugin 'INNODB_SYS_FOREIGN'
2015-04-17 00:43:55 8896 [Note] Shutting down plugin 'INNODB_SYS_FIELDS'
2015-04-17 00:43:55 8896 [Note] Shutting down plugin 'INNODB_SYS_COLUMNS'
2015-04-17 00:43:55 8896 [Note] Shutting down plugin 'INNODB_SYS_INDEXES'
2015-04-17 00:43:55 8896 [Note] Shutting down plugin 'INNODB_SYS_TABLESTATS'
2015-04-17 00:43:55 8896 [Note] Shutting down plugin 'INNODB_SYS_TABLES'
2015-04-17 00:43:55 8896 [Note] Shutting down plugin 'INNODB_FT_INDEX_TABLE'
2015-04-17 00:43:55 8896 [Note] Shutting down plugin 'INNODB_FT_INDEX_CACHE'
2015-04-17 00:43:55 8896 [Note] Shutting down plugin 'INNODB_FT_CONFIG'
2015-04-17 00:43:55 8896 [Note] Shutting down plugin 'INNODB_FT_BEING_DELETED'
2015-04-17 00:43:55 8896 [Note] Shutting down plugin 'INNODB_FT_DELETED'
2015-04-17 00:43:55 8896 [Note] Shutting down plugin 'INNODB_FT_DEFAULT_STOPWORD'
2015-04-17 00:43:55 8896 [Note] Shutting down plugin 'INNODB_METRICS'
2015-04-17 00:43:55 8896 [Note] Shutting down plugin 'INNODB_BUFFER_POOL_STATS'
2015-04-17 00:43:55 8896 [Note] Shutting down plugin 'INNODB_BUFFER_PAGE_LRU'
2015-04-17 00:43:55 8896 [Note] Shutting down plugin 'INNODB_BUFFER_PAGE'
2015-04-17 00:43:55 8896 [Note] Shutting down plugin 'INNODB_CMP_PER_INDEX_RESET'
2015-04-17 00:43:55 8896 [Note] Shutting down plugin 'INNODB_CMP_PER_INDEX'
2015-04-17 00:43:55 8896 [Note] Shutting down plugin 'INNODB_CMPMEM_RESET'
2015-04-17 00:43:55 8896 [Note] Shutting down plugin 'INNODB_CMPMEM'
2015-04-17 00:43:55 8896 [Note] Shutting down plugin 'INNODB_CMP_RESET'
2015-04-17 00:43:55 8896 [Note] Shutting down plugin 'INNODB_CMP'
2015-04-17 00:43:55 8896 [Note] Shutting down plugin 'INNODB_LOCK_WAITS'
2015-04-17 00:43:55 8896 [Note] Shutting down plugin 'INNODB_LOCKS'
2015-04-17 00:43:55 8896 [Note] Shutting down plugin 'INNODB_TRX'
2015-04-17 00:43:55 8896 [Note] Shutting down plugin 'InnoDB'
2015-04-17 00:43:55 8896 [Note] InnoDB: FTS optimize thread exiting.
2015-04-17 00:43:55 8896 [Note] InnoDB: Starting shutdown...
2015-04-17 00:43:56 8896 [Note] InnoDB: Shutdown completed; log sequence number 1626057
2015-04-17 00:43:56 8896 [Note] Shutting down plugin 'BLACKHOLE'
2015-04-17 00:43:56 8896 [Note] Shutting down plugin 'ARCHIVE'
2015-04-17 00:43:56 8896 [Note] Shutting down plugin 'MRG_MYISAM'
2015-04-17 00:43:56 8896 [Note] Shutting down plugin 'MyISAM'
2015-04-17 00:43:56 8896 [Note] Shutting down plugin 'MEMORY'
2015-04-17 00:43:56 8896 [Note] Shutting down plugin 'CSV'
2015-04-17 00:43:56 8896 [Note] Shutting down plugin 'sha256_password'
2015-04-17 00:43:56 8896 [Note] Shutting down plugin 'mysql_old_password'
2015-04-17 00:43:56 8896 [Note] Shutting down plugin 'mysql_native_password'
2015-04-17 00:43:56 8896 [Note] Shutting down plugin 'binlog'
2015-04-17 00:43:56 8896 [Note] wampmysqld: Shutdown complete

2015-04-17 00:43:57 3348 [Note] Plugin 'FEDERATED' is disabled.
2015-04-17 00:43:57 3348 [Note] InnoDB: The InnoDB memory heap is disabled
2015-04-17 00:43:57 3348 [Note] InnoDB: Mutexes and rw_locks use Windows interlocked functions
2015-04-17 00:43:57 3348 [Note] InnoDB: Compressed tables use zlib 1.2.3
2015-04-17 00:43:57 3348 [Note] InnoDB: Not using CPU crc32 instructions
2015-04-17 00:43:57 3348 [Note] InnoDB: Initializing buffer pool, size = 128.0M
2015-04-17 00:43:57 3348 [Note] InnoDB: Completed initialization of buffer pool
2015-04-17 00:43:57 3348 [Note] InnoDB: Highest supported file format is Barracuda.
2015-04-17 00:43:57 3348 [Note] InnoDB: 128 rollback segment(s) are active.
2015-04-17 00:43:57 3348 [Note] InnoDB: Waiting for purge to start
2015-04-17 00:43:57 3348 [Note] InnoDB: 5.6.12 started; log sequence number 1626057
2015-04-17 00:43:57 3348 [Note] Server hostname (bind-address): '*'; port: 3306
2015-04-17 00:43:57 3348 [Note] IPv6 is available.
2015-04-17 00:43:57 3348 [Note]   - '::' resolves to '::';
2015-04-17 00:43:57 3348 [Note] Server socket created on IP: '::'.
2015-04-17 00:43:57 3348 [Note] Event Scheduler: Loaded 0 events
2015-04-17 00:43:57 3348 [Note] wampmysqld: ready for connections.
Version: '5.6.12-log'  socket: ''  port: 3306  MySQL Community Server (GPL)
2015-04-17 09:36:11 3348 [Note] wampmysqld: Normal shutdown

2015-04-17 09:36:11 3348 [Note] Giving 0 client threads a chance to die gracefully
2015-04-17 09:36:11 3348 [Note] Event Scheduler: Purging the queue. 0 events
2015-04-17 09:36:11 3348 [Note] Shutting down slave threads
2015-04-17 09:36:11 3348 [Note] Forcefully disconnecting 0 remaining clients
2015-04-17 09:36:11 3348 [Note] Binlog end
2015-04-17 09:36:11 3348 [Note] Shutting down plugin 'partition'
2015-04-17 09:36:11 3348 [Note] Shutting down plugin 'PERFORMANCE_SCHEMA'
2015-04-17 09:36:11 3348 [Note] Shutting down plugin 'INNODB_SYS_DATAFILES'
2015-04-17 09:36:11 3348 [Note] Shutting down plugin 'INNODB_SYS_TABLESPACES'
2015-04-17 09:36:11 3348 [Note] Shutting down plugin 'INNODB_SYS_FOREIGN_COLS'
2015-04-17 09:36:11 3348 [Note] Shutting down plugin 'INNODB_SYS_FOREIGN'
2015-04-17 09:36:11 3348 [Note] Shutting down plugin 'INNODB_SYS_FIELDS'
2015-04-17 09:36:11 3348 [Note] Shutting down plugin 'INNODB_SYS_COLUMNS'
2015-04-17 09:36:11 3348 [Note] Shutting down plugin 'INNODB_SYS_INDEXES'
2015-04-17 09:36:11 3348 [Note] Shutting down plugin 'INNODB_SYS_TABLESTATS'
2015-04-17 09:36:11 3348 [Note] Shutting down plugin 'INNODB_SYS_TABLES'
2015-04-17 09:36:11 3348 [Note] Shutting down plugin 'INNODB_FT_INDEX_TABLE'
2015-04-17 09:36:11 3348 [Note] Shutting down plugin 'INNODB_FT_INDEX_CACHE'
2015-04-17 09:36:11 3348 [Note] Shutting down plugin 'INNODB_FT_CONFIG'
2015-04-17 09:36:11 3348 [Note] Shutting down plugin 'INNODB_FT_BEING_DELETED'
2015-04-17 09:36:11 3348 [Note] Shutting down plugin 'INNODB_FT_DELETED'
2015-04-17 09:36:11 3348 [Note] Shutting down plugin 'INNODB_FT_DEFAULT_STOPWORD'
2015-04-17 09:36:11 3348 [Note] Shutting down plugin 'INNODB_METRICS'
2015-04-17 09:36:11 3348 [Note] Shutting down plugin 'INNODB_BUFFER_POOL_STATS'
2015-04-17 09:36:11 3348 [Note] Shutting down plugin 'INNODB_BUFFER_PAGE_LRU'
2015-04-17 09:36:11 3348 [Note] Shutting down plugin 'INNODB_BUFFER_PAGE'
2015-04-17 09:36:11 3348 [Note] Shutting down plugin 'INNODB_CMP_PER_INDEX_RESET'
2015-04-17 09:36:11 3348 [Note] Shutting down plugin 'INNODB_CMP_PER_INDEX'
2015-04-17 09:36:11 3348 [Note] Shutting down plugin 'INNODB_CMPMEM_RESET'
2015-04-17 09:36:11 3348 [Note] Shutting down plugin 'INNODB_CMPMEM'
2015-04-17 09:36:11 3348 [Note] Shutting down plugin 'INNODB_CMP_RESET'
2015-04-17 09:36:11 3348 [Note] Shutting down plugin 'INNODB_CMP'
2015-04-17 09:36:11 3348 [Note] Shutting down plugin 'INNODB_LOCK_WAITS'
2015-04-17 09:36:11 3348 [Note] Shutting down plugin 'INNODB_LOCKS'
2015-04-17 09:36:11 3348 [Note] Shutting down plugin 'INNODB_TRX'
2015-04-17 09:36:11 3348 [Note] Shutting down plugin 'InnoDB'
2015-04-17 09:36:11 3348 [Note] InnoDB: FTS optimize thread exiting.
2015-04-17 09:36:11 3348 [Note] InnoDB: Starting shutdown...
2015-04-17 09:36:12 3348 [Note] InnoDB: Shutdown completed; log sequence number 1650237
2015-04-17 09:36:12 3348 [Note] Shutting down plugin 'BLACKHOLE'
2015-04-17 09:36:12 3348 [Note] Shutting down plugin 'ARCHIVE'
2015-04-17 09:36:12 3348 [Note] Shutting down plugin 'MRG_MYISAM'
2015-04-17 09:36:12 3348 [Note] Shutting down plugin 'MyISAM'
2015-04-17 09:36:12 3348 [Note] Shutting down plugin 'MEMORY'
2015-04-17 09:36:12 3348 [Note] Shutting down plugin 'CSV'
2015-04-17 09:36:12 3348 [Note] Shutting down plugin 'sha256_password'
2015-04-17 09:36:12 3348 [Note] Shutting down plugin 'mysql_old_password'
2015-04-17 09:36:12 3348 [Note] Shutting down plugin 'mysql_native_password'
2015-04-17 09:36:12 3348 [Note] Shutting down plugin 'binlog'
2015-04-17 09:36:12 3348 [Note] wampmysqld: Shutdown complete

2015-04-17 09:36:13 7688 [Note] Plugin 'FEDERATED' is disabled.
2015-04-17 09:36:13 7688 [Note] InnoDB: The InnoDB memory heap is disabled
2015-04-17 09:36:13 7688 [Note] InnoDB: Mutexes and rw_locks use Windows interlocked functions
2015-04-17 09:36:13 7688 [Note] InnoDB: Compressed tables use zlib 1.2.3
2015-04-17 09:36:13 7688 [Note] InnoDB: Not using CPU crc32 instructions
2015-04-17 09:36:13 7688 [Note] InnoDB: Initializing buffer pool, size = 128.0M
2015-04-17 09:36:14 7688 [Note] InnoDB: Completed initialization of buffer pool
2015-04-17 09:36:14 7688 [Note] InnoDB: Highest supported file format is Barracuda.
2015-04-17 09:36:14 7688 [Note] InnoDB: 128 rollback segment(s) are active.
2015-04-17 09:36:14 7688 [Note] InnoDB: Waiting for purge to start
2015-04-17 09:36:14 7688 [Note] InnoDB: 5.6.12 started; log sequence number 1650237
2015-04-17 09:36:14 7688 [Note] Server hostname (bind-address): '*'; port: 3306
2015-04-17 09:36:14 7688 [Note] IPv6 is available.
2015-04-17 09:36:14 7688 [Note]   - '::' resolves to '::';
2015-04-17 09:36:14 7688 [Note] Server socket created on IP: '::'.
2015-04-17 09:36:14 7688 [Note] Event Scheduler: Loaded 0 events
2015-04-17 09:36:14 7688 [Note] wampmysqld: ready for connections.
Version: '5.6.12-log'  socket: ''  port: 3306  MySQL Community Server (GPL)
2015-04-17 09:46:01 7688 [Note] wampmysqld: Normal shutdown

2015-04-17 09:46:01 7688 [Note] Giving 0 client threads a chance to die gracefully
2015-04-17 09:46:01 7688 [Note] Event Scheduler: Purging the queue. 0 events
2015-04-17 09:46:01 7688 [Note] Shutting down slave threads
2015-04-17 09:46:01 7688 [Note] Forcefully disconnecting 0 remaining clients
2015-04-17 09:46:01 7688 [Note] Binlog end
2015-04-17 09:46:01 7688 [Note] Shutting down plugin 'partition'
2015-04-17 09:46:01 7688 [Note] Shutting down plugin 'PERFORMANCE_SCHEMA'
2015-04-17 09:46:01 7688 [Note] Shutting down plugin 'INNODB_SYS_DATAFILES'
2015-04-17 09:46:01 7688 [Note] Shutting down plugin 'INNODB_SYS_TABLESPACES'
2015-04-17 09:46:01 7688 [Note] Shutting down plugin 'INNODB_SYS_FOREIGN_COLS'
2015-04-17 09:46:01 7688 [Note] Shutting down plugin 'INNODB_SYS_FOREIGN'
2015-04-17 09:46:01 7688 [Note] Shutting down plugin 'INNODB_SYS_FIELDS'
2015-04-17 09:46:01 7688 [Note] Shutting down plugin 'INNODB_SYS_COLUMNS'
2015-04-17 09:46:01 7688 [Note] Shutting down plugin 'INNODB_SYS_INDEXES'
2015-04-17 09:46:01 7688 [Note] Shutting down plugin 'INNODB_SYS_TABLESTATS'
2015-04-17 09:46:01 7688 [Note] Shutting down plugin 'INNODB_SYS_TABLES'
2015-04-17 09:46:01 7688 [Note] Shutting down plugin 'INNODB_FT_INDEX_TABLE'
2015-04-17 09:46:01 7688 [Note] Shutting down plugin 'INNODB_FT_INDEX_CACHE'
2015-04-17 09:46:01 7688 [Note] Shutting down plugin 'INNODB_FT_CONFIG'
2015-04-17 09:46:01 7688 [Note] Shutting down plugin 'INNODB_FT_BEING_DELETED'
2015-04-17 09:46:01 7688 [Note] Shutting down plugin 'INNODB_FT_DELETED'
2015-04-17 09:46:01 7688 [Note] Shutting down plugin 'INNODB_FT_DEFAULT_STOPWORD'
2015-04-17 09:46:01 7688 [Note] Shutting down plugin 'INNODB_METRICS'
2015-04-17 09:46:01 7688 [Note] Shutting down plugin 'INNODB_BUFFER_POOL_STATS'
2015-04-17 09:46:01 7688 [Note] Shutting down plugin 'INNODB_BUFFER_PAGE_LRU'
2015-04-17 09:46:01 7688 [Note] Shutting down plugin 'INNODB_BUFFER_PAGE'
2015-04-17 09:46:01 7688 [Note] Shutting down plugin 'INNODB_CMP_PER_INDEX_RESET'
2015-04-17 09:46:01 7688 [Note] Shutting down plugin 'INNODB_CMP_PER_INDEX'
2015-04-17 09:46:01 7688 [Note] Shutting down plugin 'INNODB_CMPMEM_RESET'
2015-04-17 09:46:01 7688 [Note] Shutting down plugin 'INNODB_CMPMEM'
2015-04-17 09:46:01 7688 [Note] Shutting down plugin 'INNODB_CMP_RESET'
2015-04-17 09:46:01 7688 [Note] Shutting down plugin 'INNODB_CMP'
2015-04-17 09:46:01 7688 [Note] Shutting down plugin 'INNODB_LOCK_WAITS'
2015-04-17 09:46:01 7688 [Note] Shutting down plugin 'INNODB_LOCKS'
2015-04-17 09:46:01 7688 [Note] Shutting down plugin 'INNODB_TRX'
2015-04-17 09:46:01 7688 [Note] Shutting down plugin 'InnoDB'
2015-04-17 09:46:01 7688 [Note] InnoDB: FTS optimize thread exiting.
2015-04-17 09:46:01 7688 [Note] InnoDB: Starting shutdown...
2015-04-17 09:46:02 7688 [Note] InnoDB: Shutdown completed; log sequence number 1656289
2015-04-17 09:46:02 7688 [Note] Shutting down plugin 'BLACKHOLE'
2015-04-17 09:46:02 7688 [Note] Shutting down plugin 'ARCHIVE'
2015-04-17 09:46:02 7688 [Note] Shutting down plugin 'MRG_MYISAM'
2015-04-17 09:46:02 7688 [Note] Shutting down plugin 'MyISAM'
2015-04-17 09:46:02 7688 [Note] Shutting down plugin 'MEMORY'
2015-04-17 09:46:02 7688 [Note] Shutting down plugin 'CSV'
2015-04-17 09:46:02 7688 [Note] Shutting down plugin 'sha256_password'
2015-04-17 09:46:02 7688 [Note] Shutting down plugin 'mysql_old_password'
2015-04-17 09:46:02 7688 [Note] Shutting down plugin 'mysql_native_password'
2015-04-17 09:46:02 7688 [Note] Shutting down plugin 'binlog'
2015-04-17 09:46:02 7688 [Note] wampmysqld: Shutdown complete

2015-04-17 09:46:04 8660 [Note] Plugin 'FEDERATED' is disabled.
2015-04-17 09:46:04 8660 [Note] InnoDB: The InnoDB memory heap is disabled
2015-04-17 09:46:04 8660 [Note] InnoDB: Mutexes and rw_locks use Windows interlocked functions
2015-04-17 09:46:04 8660 [Note] InnoDB: Compressed tables use zlib 1.2.3
2015-04-17 09:46:04 8660 [Note] InnoDB: Not using CPU crc32 instructions
2015-04-17 09:46:04 8660 [Note] InnoDB: Initializing buffer pool, size = 128.0M
2015-04-17 09:46:04 8660 [Note] InnoDB: Completed initialization of buffer pool
2015-04-17 09:46:04 8660 [Note] InnoDB: Highest supported file format is Barracuda.
2015-04-17 09:46:04 8660 [Note] InnoDB: 128 rollback segment(s) are active.
2015-04-17 09:46:04 8660 [Note] InnoDB: Waiting for purge to start
2015-04-17 09:46:04 8660 [Note] InnoDB: 5.6.12 started; log sequence number 1656289
2015-04-17 09:46:04 8660 [Note] Server hostname (bind-address): '*'; port: 3306
2015-04-17 09:46:04 8660 [Note] IPv6 is available.
2015-04-17 09:46:04 8660 [Note]   - '::' resolves to '::';
2015-04-17 09:46:04 8660 [Note] Server socket created on IP: '::'.
2015-04-17 09:46:04 8660 [Note] Event Scheduler: Loaded 0 events
2015-04-17 09:46:04 8660 [Note] wampmysqld: ready for connections.
Version: '5.6.12-log'  socket: ''  port: 3306  MySQL Community Server (GPL)
2015-04-17 22:38:13 8660 [Note] wampmysqld: Normal shutdown

2015-04-17 22:38:13 8660 [Note] Giving 0 client threads a chance to die gracefully
2015-04-17 22:38:13 8660 [Note] Event Scheduler: Purging the queue. 0 events
2015-04-17 22:38:13 8660 [Note] Shutting down slave threads
2015-04-17 22:38:13 8660 [Note] Forcefully disconnecting 0 remaining clients
2015-04-17 22:38:13 8660 [Note] Binlog end
2015-04-17 22:38:13 8660 [Note] Shutting down plugin 'partition'
2015-04-17 22:38:13 8660 [Note] Shutting down plugin 'PERFORMANCE_SCHEMA'
2015-04-17 22:38:13 8660 [Note] Shutting down plugin 'INNODB_SYS_DATAFILES'
2015-04-17 22:38:13 8660 [Note] Shutting down plugin 'INNODB_SYS_TABLESPACES'
2015-04-17 22:38:13 8660 [Note] Shutting down plugin 'INNODB_SYS_FOREIGN_COLS'
2015-04-17 22:38:13 8660 [Note] Shutting down plugin 'INNODB_SYS_FOREIGN'
2015-04-17 22:38:13 8660 [Note] Shutting down plugin 'INNODB_SYS_FIELDS'
2015-04-17 22:38:13 8660 [Note] Shutting down plugin 'INNODB_SYS_COLUMNS'
2015-04-17 22:38:13 8660 [Note] Shutting down plugin 'INNODB_SYS_INDEXES'
2015-04-17 22:38:13 8660 [Note] Shutting down plugin 'INNODB_SYS_TABLESTATS'
2015-04-17 22:38:13 8660 [Note] Shutting down plugin 'INNODB_SYS_TABLES'
2015-04-17 22:38:13 8660 [Note] Shutting down plugin 'INNODB_FT_INDEX_TABLE'
2015-04-17 22:38:13 8660 [Note] Shutting down plugin 'INNODB_FT_INDEX_CACHE'
2015-04-17 22:38:13 8660 [Note] Shutting down plugin 'INNODB_FT_CONFIG'
2015-04-17 22:38:13 8660 [Note] Shutting down plugin 'INNODB_FT_BEING_DELETED'
2015-04-17 22:38:13 8660 [Note] Shutting down plugin 'INNODB_FT_DELETED'
2015-04-17 22:38:13 8660 [Note] Shutting down plugin 'INNODB_FT_DEFAULT_STOPWORD'
2015-04-17 22:38:13 8660 [Note] Shutting down plugin 'INNODB_METRICS'
2015-04-17 22:38:13 8660 [Note] Shutting down plugin 'INNODB_BUFFER_POOL_STATS'
2015-04-17 22:38:13 8660 [Note] Shutting down plugin 'INNODB_BUFFER_PAGE_LRU'
2015-04-17 22:38:13 8660 [Note] Shutting down plugin 'INNODB_BUFFER_PAGE'
2015-04-17 22:38:13 8660 [Note] Shutting down plugin 'INNODB_CMP_PER_INDEX_RESET'
2015-04-17 22:38:13 8660 [Note] Shutting down plugin 'INNODB_CMP_PER_INDEX'
2015-04-17 22:38:13 8660 [Note] Shutting down plugin 'INNODB_CMPMEM_RESET'
2015-04-17 22:38:13 8660 [Note] Shutting down plugin 'INNODB_CMPMEM'
2015-04-17 22:38:13 8660 [Note] Shutting down plugin 'INNODB_CMP_RESET'
2015-04-17 22:38:13 8660 [Note] Shutting down plugin 'INNODB_CMP'
2015-04-17 22:38:13 8660 [Note] Shutting down plugin 'INNODB_LOCK_WAITS'
2015-04-17 22:38:13 8660 [Note] Shutting down plugin 'INNODB_LOCKS'
2015-04-17 22:38:13 8660 [Note] Shutting down plugin 'INNODB_TRX'
2015-04-17 22:38:13 8660 [Note] Shutting down plugin 'InnoDB'
2015-04-17 22:38:13 8660 [Note] InnoDB: FTS optimize thread exiting.
2015-04-17 22:38:13 8660 [Note] InnoDB: Starting shutdown...
2015-04-17 22:38:15 8660 [Note] InnoDB: Shutdown completed; log sequence number 1669302
2015-04-17 22:38:15 8660 [Note] Shutting down plugin 'BLACKHOLE'
2015-04-17 22:38:15 8660 [Note] Shutting down plugin 'ARCHIVE'
2015-04-17 22:38:15 8660 [Note] Shutting down plugin 'MRG_MYISAM'
2015-04-17 22:38:15 8660 [Note] Shutting down plugin 'MyISAM'
2015-04-17 22:38:15 8660 [Note] Shutting down plugin 'MEMORY'
2015-04-17 22:38:15 8660 [Note] Shutting down plugin 'CSV'
2015-04-17 22:38:15 8660 [Note] Shutting down plugin 'sha256_password'
2015-04-17 22:38:15 8660 [Note] Shutting down plugin 'mysql_old_password'
2015-04-17 22:38:15 8660 [Note] Shutting down plugin 'mysql_native_password'
2015-04-17 22:38:15 8660 [Note] Shutting down plugin 'binlog'
2015-04-17 22:38:15 8660 [Note] wampmysqld: Shutdown complete

2015-04-17 22:38:16 8480 [Note] Plugin 'FEDERATED' is disabled.
2015-04-17 22:38:16 8480 [Note] InnoDB: The InnoDB memory heap is disabled
2015-04-17 22:38:16 8480 [Note] InnoDB: Mutexes and rw_locks use Windows interlocked functions
2015-04-17 22:38:16 8480 [Note] InnoDB: Compressed tables use zlib 1.2.3
2015-04-17 22:38:16 8480 [Note] InnoDB: Not using CPU crc32 instructions
2015-04-17 22:38:16 8480 [Note] InnoDB: Initializing buffer pool, size = 128.0M
2015-04-17 22:38:16 8480 [Note] InnoDB: Completed initialization of buffer pool
2015-04-17 22:38:16 8480 [Note] InnoDB: Highest supported file format is Barracuda.
2015-04-17 22:38:16 8480 [Note] InnoDB: 128 rollback segment(s) are active.
2015-04-17 22:38:16 8480 [Note] InnoDB: Waiting for purge to start
2015-04-17 22:38:16 8480 [Note] InnoDB: 5.6.12 started; log sequence number 1669302
2015-04-17 22:38:17 8480 [Note] Server hostname (bind-address): '*'; port: 3306
2015-04-17 22:38:17 8480 [Note] IPv6 is available.
2015-04-17 22:38:17 8480 [Note]   - '::' resolves to '::';
2015-04-17 22:38:17 8480 [Note] Server socket created on IP: '::'.
2015-04-17 22:38:17 8480 [Note] Event Scheduler: Loaded 0 events
2015-04-17 22:38:17 8480 [Note] wampmysqld: ready for connections.
Version: '5.6.12-log'  socket: ''  port: 3306  MySQL Community Server (GPL)
